<?xml version="1.0" encoding="UTF-8"?>
<testng-results ignored="0" total="1" passed="1" failed="0" skipped="0">
  <reporter-output>
  </reporter-output>
  <suite started-at="2020-04-23T15:17:15 IST" name="Default suite" finished-at="2020-04-23T15:17:42 IST" duration-ms="27188">
    <groups>
    </groups>
    <test started-at="2020-04-23T15:17:15 IST" name="Default test" finished-at="2020-04-23T15:17:42 IST" duration-ms="27188">
      <class name="pack1.Frames">
        <test-method is-config="true" signature="beforeTest()[pri:0, instance:pack1.Frames@36c88a32]" started-at="2020-04-23T15:17:15 IST" name="beforeTest" finished-at="2020-04-23T15:17:28 IST" duration-ms="13450" status="PASS">
          <reporter-output>
          </reporter-output>
        </test-method> <!-- beforeTest -->
        <test-method signature="f()[pri:0, instance:pack1.Frames@36c88a32]" started-at="2020-04-23T15:17:28 IST" name="f" finished-at="2020-04-23T15:17:37 IST" duration-ms="9162" status="PASS">
          <reporter-output>
          </reporter-output>
        </test-method> <!-- f -->
        <test-method is-config="true" signature="afterTest()[pri:0, instance:pack1.Frames@36c88a32]" started-at="2020-04-23T15:17:38 IST" name="afterTest" finished-at="2020-04-23T15:17:42 IST" duration-ms="4439" status="PASS">
          <reporter-output>
          </reporter-output>
        </test-method> <!-- afterTest -->
      </class> <!-- pack1.Frames -->
    </test> <!-- Default test -->
  </suite> <!-- Default suite -->
</testng-results>
